{"C:\\Users\\VrajModi(CloudPlatfo\\BOOTCAMP\\week4-modularized-quizapp\\src\\questions.js": {"path":"C:\\Users\\VrajModi(CloudPlatfo\\BOOTCAMP\\week4-modularized-quizapp\\src\\questions.js","statementMap":{"0":{"start":{"line":2,"column":29},"end":{"line":63,"column":1}}},"fnMap":{},"branchMap":{},"s":{"0":0},"f":{},"b":{},"inputSourceMap":null}
,"C:\\Users\\VrajModi(CloudPlatfo\\BOOTCAMP\\week4-modularized-quizapp\\src\\quizState.js": {"path":"C:\\Users\\VrajModi(CloudPlatfo\\BOOTCAMP\\week4-modularized-quizapp\\src\\quizState.js","statementMap":{"0":{"start":{"line":4,"column":8},"end":{"line":4,"column":33}},"1":{"start":{"line":5,"column":8},"end":{"line":5,"column":23}},"2":{"start":{"line":6,"column":8},"end":{"line":6,"column":27}},"3":{"start":{"line":7,"column":8},"end":{"line":7,"column":34}},"4":{"start":{"line":8,"column":8},"end":{"line":8,"column":64}},"5":{"start":{"line":9,"column":8},"end":{"line":9,"column":73}},"6":{"start":{"line":10,"column":8},"end":{"line":10,"column":63}},"7":{"start":{"line":11,"column":8},"end":{"line":11,"column":38}},"8":{"start":{"line":12,"column":8},"end":{"line":12,"column":30}},"9":{"start":{"line":13,"column":8},"end":{"line":13,"column":35}},"10":{"start":{"line":17,"column":8},"end":{"line":17,"column":33}},"11":{"start":{"line":18,"column":8},"end":{"line":18,"column":23}},"12":{"start":{"line":19,"column":8},"end":{"line":19,"column":27}},"13":{"start":{"line":20,"column":8},"end":{"line":20,"column":34}},"14":{"start":{"line":21,"column":8},"end":{"line":21,"column":64}},"15":{"start":{"line":22,"column":8},"end":{"line":22,"column":73}},"16":{"start":{"line":23,"column":8},"end":{"line":23,"column":63}},"17":{"start":{"line":24,"column":8},"end":{"line":24,"column":38}},"18":{"start":{"line":25,"column":8},"end":{"line":25,"column":30}},"19":{"start":{"line":26,"column":8},"end":{"line":26,"column":35}},"20":{"start":{"line":30,"column":8},"end":{"line":30,"column":36}},"21":{"start":{"line":31,"column":8},"end":{"line":31,"column":44}},"22":{"start":{"line":35,"column":8},"end":{"line":35,"column":55}},"23":{"start":{"line":39,"column":8},"end":{"line":39,"column":54}},"24":{"start":{"line":43,"column":8},"end":{"line":43,"column":105}},"25":{"start":{"line":44,"column":8},"end":{"line":44,"column":62}},"26":{"start":{"line":48,"column":8},"end":{"line":53,"column":9}},"27":{"start":{"line":49,"column":12},"end":{"line":49,"column":38}},"28":{"start":{"line":50,"column":12},"end":{"line":50,"column":35}},"29":{"start":{"line":51,"column":12},"end":{"line":51,"column":48}},"30":{"start":{"line":52,"column":12},"end":{"line":52,"column":24}},"31":{"start":{"line":54,"column":8},"end":{"line":54,"column":21}},"32":{"start":{"line":58,"column":8},"end":{"line":63,"column":9}},"33":{"start":{"line":59,"column":12},"end":{"line":59,"column":38}},"34":{"start":{"line":60,"column":12},"end":{"line":60,"column":35}},"35":{"start":{"line":61,"column":12},"end":{"line":61,"column":48}},"36":{"start":{"line":62,"column":12},"end":{"line":62,"column":24}},"37":{"start":{"line":64,"column":8},"end":{"line":64,"column":21}},"38":{"start":{"line":68,"column":8},"end":{"line":73,"column":9}},"39":{"start":{"line":69,"column":12},"end":{"line":69,"column":38}},"40":{"start":{"line":70,"column":12},"end":{"line":70,"column":41}},"41":{"start":{"line":71,"column":12},"end":{"line":71,"column":48}},"42":{"start":{"line":72,"column":12},"end":{"line":72,"column":24}},"43":{"start":{"line":74,"column":8},"end":{"line":74,"column":21}},"44":{"start":{"line":78,"column":8},"end":{"line":80,"column":9}},"45":{"start":{"line":79,"column":12},"end":{"line":79,"column":113}},"46":{"start":{"line":84,"column":8},"end":{"line":84,"column":63}},"47":{"start":{"line":84,"column":44},"end":{"line":84,"column":54}},"48":{"start":{"line":88,"column":8},"end":{"line":88,"column":65}},"49":{"start":{"line":92,"column":8},"end":{"line":92,"column":62}},"50":{"start":{"line":92,"column":52},"end":{"line":92,"column":53}},"51":{"start":{"line":96,"column":8},"end":{"line":96,"column":63}},"52":{"start":{"line":96,"column":44},"end":{"line":96,"column":54}},"53":{"start":{"line":100,"column":8},"end":{"line":100,"column":54}},"54":{"start":{"line":104,"column":8},"end":{"line":104,"column":62}},"55":{"start":{"line":108,"column":8},"end":{"line":108,"column":68}},"56":{"start":{"line":112,"column":8},"end":{"line":112,"column":42}},"57":{"start":{"line":116,"column":8},"end":{"line":116,"column":64}},"58":{"start":{"line":120,"column":8},"end":{"line":120,"column":36}}},"fnMap":{"0":{"name":"(anonymous_0)","decl":{"start":{"line":3,"column":4},"end":{"line":3,"column":5}},"loc":{"start":{"line":3,"column":32},"end":{"line":14,"column":5}},"line":3},"1":{"name":"(anonymous_1)","decl":{"start":{"line":16,"column":4},"end":{"line":16,"column":5}},"loc":{"start":{"line":16,"column":26},"end":{"line":27,"column":5}},"line":16},"2":{"name":"(anonymous_2)","decl":{"start":{"line":29,"column":4},"end":{"line":29,"column":5}},"loc":{"start":{"line":29,"column":16},"end":{"line":32,"column":5}},"line":29},"3":{"name":"(anonymous_3)","decl":{"start":{"line":34,"column":4},"end":{"line":34,"column":5}},"loc":{"start":{"line":34,"column":24},"end":{"line":36,"column":5}},"line":34},"4":{"name":"(anonymous_4)","decl":{"start":{"line":38,"column":4},"end":{"line":38,"column":5}},"loc":{"start":{"line":38,"column":25},"end":{"line":40,"column":5}},"line":38},"5":{"name":"(anonymous_5)","decl":{"start":{"line":42,"column":4},"end":{"line":42,"column":5}},"loc":{"start":{"line":42,"column":21},"end":{"line":45,"column":5}},"line":42},"6":{"name":"(anonymous_6)","decl":{"start":{"line":47,"column":4},"end":{"line":47,"column":5}},"loc":{"start":{"line":47,"column":19},"end":{"line":55,"column":5}},"line":47},"7":{"name":"(anonymous_7)","decl":{"start":{"line":57,"column":4},"end":{"line":57,"column":5}},"loc":{"start":{"line":57,"column":23},"end":{"line":65,"column":5}},"line":57},"8":{"name":"(anonymous_8)","decl":{"start":{"line":67,"column":4},"end":{"line":67,"column":5}},"loc":{"start":{"line":67,"column":30},"end":{"line":75,"column":5}},"line":67},"9":{"name":"(anonymous_9)","decl":{"start":{"line":77,"column":4},"end":{"line":77,"column":5}},"loc":{"start":{"line":77,"column":25},"end":{"line":81,"column":5}},"line":77},"10":{"name":"(anonymous_10)","decl":{"start":{"line":83,"column":4},"end":{"line":83,"column":5}},"loc":{"start":{"line":83,"column":23},"end":{"line":85,"column":5}},"line":83},"11":{"name":"(anonymous_11)","decl":{"start":{"line":84,"column":39},"end":{"line":84,"column":40}},"loc":{"start":{"line":84,"column":44},"end":{"line":84,"column":54}},"line":84},"12":{"name":"(anonymous_12)","decl":{"start":{"line":87,"column":4},"end":{"line":87,"column":5}},"loc":{"start":{"line":87,"column":24},"end":{"line":89,"column":5}},"line":87},"13":{"name":"(anonymous_13)","decl":{"start":{"line":91,"column":4},"end":{"line":91,"column":5}},"loc":{"start":{"line":91,"column":25},"end":{"line":93,"column":5}},"line":91},"14":{"name":"(anonymous_14)","decl":{"start":{"line":92,"column":47},"end":{"line":92,"column":48}},"loc":{"start":{"line":92,"column":52},"end":{"line":92,"column":53}},"line":92},"15":{"name":"(anonymous_15)","decl":{"start":{"line":95,"column":4},"end":{"line":95,"column":5}},"loc":{"start":{"line":95,"column":25},"end":{"line":97,"column":5}},"line":95},"16":{"name":"(anonymous_16)","decl":{"start":{"line":96,"column":39},"end":{"line":96,"column":40}},"loc":{"start":{"line":96,"column":44},"end":{"line":96,"column":54}},"line":96},"17":{"name":"(anonymous_17)","decl":{"start":{"line":99,"column":4},"end":{"line":99,"column":5}},"loc":{"start":{"line":99,"column":23},"end":{"line":101,"column":5}},"line":99},"18":{"name":"(anonymous_18)","decl":{"start":{"line":103,"column":4},"end":{"line":103,"column":5}},"loc":{"start":{"line":103,"column":26},"end":{"line":105,"column":5}},"line":103},"19":{"name":"(anonymous_19)","decl":{"start":{"line":107,"column":4},"end":{"line":107,"column":5}},"loc":{"start":{"line":107,"column":21},"end":{"line":109,"column":5}},"line":107},"20":{"name":"(anonymous_20)","decl":{"start":{"line":111,"column":4},"end":{"line":111,"column":5}},"loc":{"start":{"line":111,"column":22},"end":{"line":113,"column":5}},"line":111},"21":{"name":"(anonymous_21)","decl":{"start":{"line":115,"column":4},"end":{"line":115,"column":5}},"loc":{"start":{"line":115,"column":19},"end":{"line":117,"column":5}},"line":115},"22":{"name":"(anonymous_22)","decl":{"start":{"line":119,"column":4},"end":{"line":119,"column":5}},"loc":{"start":{"line":119,"column":22},"end":{"line":121,"column":5}},"line":119}},"branchMap":{"0":{"loc":{"start":{"line":48,"column":8},"end":{"line":53,"column":9}},"type":"if","locations":[{"start":{"line":48,"column":8},"end":{"line":53,"column":9}},{"start":{},"end":{}}],"line":48},"1":{"loc":{"start":{"line":58,"column":8},"end":{"line":63,"column":9}},"type":"if","locations":[{"start":{"line":58,"column":8},"end":{"line":63,"column":9}},{"start":{},"end":{}}],"line":58},"2":{"loc":{"start":{"line":68,"column":8},"end":{"line":73,"column":9}},"type":"if","locations":[{"start":{"line":68,"column":8},"end":{"line":73,"column":9}},{"start":{},"end":{}}],"line":68},"3":{"loc":{"start":{"line":68,"column":12},"end":{"line":68,"column":57}},"type":"binary-expr","locations":[{"start":{"line":68,"column":12},"end":{"line":68,"column":22}},{"start":{"line":68,"column":26},"end":{"line":68,"column":57}}],"line":68},"4":{"loc":{"start":{"line":78,"column":8},"end":{"line":80,"column":9}},"type":"if","locations":[{"start":{"line":78,"column":8},"end":{"line":80,"column":9}},{"start":{},"end":{}}],"line":78}},"s":{"0":6,"1":6,"2":6,"3":6,"4":6,"5":6,"6":6,"7":6,"8":6,"9":6,"10":0,"11":0,"12":0,"13":0,"14":0,"15":0,"16":0,"17":0,"18":0,"19":0,"20":1,"21":1,"22":1,"23":0,"24":2,"25":2,"26":1,"27":1,"28":1,"29":1,"30":1,"31":0,"32":0,"33":0,"34":0,"35":0,"36":0,"37":0,"38":0,"39":0,"40":0,"41":0,"42":0,"43":0,"44":1,"45":1,"46":1,"47":10,"48":0,"49":0,"50":0,"51":0,"52":0,"53":0,"54":0,"55":1,"56":0,"57":0,"58":0},"f":{"0":6,"1":0,"2":1,"3":1,"4":0,"5":2,"6":1,"7":0,"8":0,"9":1,"10":1,"11":10,"12":0,"13":0,"14":0,"15":0,"16":0,"17":0,"18":0,"19":1,"20":0,"21":0,"22":0},"b":{"0":[1,0],"1":[0,0],"2":[0,0],"3":[0,0],"4":[1,0]},"inputSourceMap":null,"_coverageSchema":"1a1c01bbd47fc00a2c39e90264f33305004495a9","hash":"14e156841fb6dcdec67d0788d997efc61e7b4adf"}
,"C:\\Users\\VrajModi(CloudPlatfo\\BOOTCAMP\\week4-modularized-quizapp\\src\\utils.js": {"path":"C:\\Users\\VrajModi(CloudPlatfo\\BOOTCAMP\\week4-modularized-quizapp\\src\\utils.js","statementMap":{"0":{"start":{"line":2,"column":30},"end":{"line":6,"column":1}},"1":{"start":{"line":3,"column":4},"end":{"line":5,"column":6}},"2":{"start":{"line":4,"column":8},"end":{"line":4,"column":61}},"3":{"start":{"line":8,"column":35},"end":{"line":19,"column":1}},"4":{"start":{"line":9,"column":19},"end":{"line":16,"column":5}},"5":{"start":{"line":18,"column":4},"end":{"line":18,"column":69}},"6":{"start":{"line":18,"column":36},"end":{"line":18,"column":53}},"7":{"start":{"line":21,"column":37},"end":{"line":33,"column":1}},"8":{"start":{"line":22,"column":21},"end":{"line":27,"column":5}},"9":{"start":{"line":29,"column":4},"end":{"line":29,"column":52}},"10":{"start":{"line":29,"column":26},"end":{"line":29,"column":52}},"11":{"start":{"line":30,"column":4},"end":{"line":30,"column":47}},"12":{"start":{"line":30,"column":26},"end":{"line":30,"column":47}},"13":{"start":{"line":31,"column":4},"end":{"line":31,"column":47}},"14":{"start":{"line":31,"column":26},"end":{"line":31,"column":47}},"15":{"start":{"line":32,"column":4},"end":{"line":32,"column":25}},"16":{"start":{"line":35,"column":35},"end":{"line":59,"column":1}},"17":{"start":{"line":36,"column":21},"end":{"line":53,"column":5}},"18":{"start":{"line":55,"column":4},"end":{"line":55,"column":52}},"19":{"start":{"line":55,"column":26},"end":{"line":55,"column":52}},"20":{"start":{"line":56,"column":4},"end":{"line":56,"column":47}},"21":{"start":{"line":56,"column":26},"end":{"line":56,"column":47}},"22":{"start":{"line":57,"column":4},"end":{"line":57,"column":47}},"23":{"start":{"line":57,"column":26},"end":{"line":57,"column":47}},"24":{"start":{"line":58,"column":4},"end":{"line":58,"column":25}},"25":{"start":{"line":61,"column":35},"end":{"line":63,"column":1}},"26":{"start":{"line":62,"column":4},"end":{"line":62,"column":45}},"27":{"start":{"line":65,"column":26},"end":{"line":67,"column":1}},"28":{"start":{"line":66,"column":4},"end":{"line":66,"column":25}},"29":{"start":{"line":69,"column":32},"end":{"line":87,"column":1}},"30":{"start":{"line":70,"column":18},"end":{"line":74,"column":5}},"31":{"start":{"line":76,"column":4},"end":{"line":84,"column":7}},"32":{"start":{"line":77,"column":8},"end":{"line":83,"column":9}},"33":{"start":{"line":78,"column":12},"end":{"line":78,"column":28}},"34":{"start":{"line":79,"column":15},"end":{"line":83,"column":9}},"35":{"start":{"line":80,"column":12},"end":{"line":80,"column":28}},"36":{"start":{"line":82,"column":12},"end":{"line":82,"column":26}},"37":{"start":{"line":86,"column":4},"end":{"line":86,"column":17}},"38":{"start":{"line":89,"column":35},"end":{"line":91,"column":1}},"39":{"start":{"line":90,"column":4},"end":{"line":90,"column":43}},"40":{"start":{"line":93,"column":32},"end":{"line":135,"column":1}},"41":{"start":{"line":94,"column":22},"end":{"line":94,"column":50}},"42":{"start":{"line":95,"column":22},"end":{"line":95,"column":41}},"43":{"start":{"line":97,"column":18},"end":{"line":101,"column":70}},"44":{"start":{"line":103,"column":24},"end":{"line":120,"column":15}},"45":{"start":{"line":104,"column":18},"end":{"line":104,"column":33}},"46":{"start":{"line":105,"column":18},"end":{"line":105,"column":20}},"47":{"start":{"line":107,"column":8},"end":{"line":110,"column":9}},"48":{"start":{"line":108,"column":12},"end":{"line":108,"column":37}},"49":{"start":{"line":109,"column":12},"end":{"line":109,"column":77}},"50":{"start":{"line":112,"column":8},"end":{"line":117,"column":9}},"51":{"start":{"line":113,"column":12},"end":{"line":113,"column":35}},"52":{"start":{"line":114,"column":12},"end":{"line":114,"column":76}},"53":{"start":{"line":115,"column":15},"end":{"line":117,"column":9}},"54":{"start":{"line":116,"column":12},"end":{"line":116,"column":74}},"55":{"start":{"line":119,"column":8},"end":{"line":119,"column":137}},"56":{"start":{"line":122,"column":20},"end":{"line":124,"column":12}},"57":{"start":{"line":126,"column":4},"end":{"line":134,"column":6}}},"fnMap":{"0":{"name":"(anonymous_0)","decl":{"start":{"line":2,"column":30},"end":{"line":2,"column":31}},"loc":{"start":{"line":2,"column":58},"end":{"line":6,"column":1}},"line":2},"1":{"name":"(anonymous_1)","decl":{"start":{"line":3,"column":30},"end":{"line":3,"column":31}},"loc":{"start":{"line":4,"column":8},"end":{"line":4,"column":61}},"line":4},"2":{"name":"(anonymous_2)","decl":{"start":{"line":8,"column":35},"end":{"line":8,"column":36}},"loc":{"start":{"line":8,"column":51},"end":{"line":19,"column":1}},"line":8},"3":{"name":"(anonymous_3)","decl":{"start":{"line":18,"column":23},"end":{"line":18,"column":24}},"loc":{"start":{"line":18,"column":36},"end":{"line":18,"column":53}},"line":18},"4":{"name":"(anonymous_4)","decl":{"start":{"line":21,"column":37},"end":{"line":21,"column":38}},"loc":{"start":{"line":21,"column":53},"end":{"line":33,"column":1}},"line":21},"5":{"name":"(anonymous_5)","decl":{"start":{"line":35,"column":35},"end":{"line":35,"column":36}},"loc":{"start":{"line":35,"column":51},"end":{"line":59,"column":1}},"line":35},"6":{"name":"(anonymous_6)","decl":{"start":{"line":61,"column":35},"end":{"line":61,"column":36}},"loc":{"start":{"line":61,"column":53},"end":{"line":63,"column":1}},"line":61},"7":{"name":"(anonymous_7)","decl":{"start":{"line":65,"column":26},"end":{"line":65,"column":27}},"loc":{"start":{"line":65,"column":39},"end":{"line":67,"column":1}},"line":65},"8":{"name":"(anonymous_8)","decl":{"start":{"line":69,"column":32},"end":{"line":69,"column":33}},"loc":{"start":{"line":69,"column":60},"end":{"line":87,"column":1}},"line":69},"9":{"name":"(anonymous_9)","decl":{"start":{"line":76,"column":24},"end":{"line":76,"column":25}},"loc":{"start":{"line":76,"column":41},"end":{"line":84,"column":5}},"line":76},"10":{"name":"(anonymous_10)","decl":{"start":{"line":89,"column":35},"end":{"line":89,"column":36}},"loc":{"start":{"line":89,"column":46},"end":{"line":91,"column":1}},"line":89},"11":{"name":"(anonymous_11)","decl":{"start":{"line":93,"column":32},"end":{"line":93,"column":33}},"loc":{"start":{"line":93,"column":106},"end":{"line":135,"column":1}},"line":93},"12":{"name":"(anonymous_12)","decl":{"start":{"line":103,"column":36},"end":{"line":103,"column":37}},"loc":{"start":{"line":103,"column":51},"end":{"line":120,"column":5}},"line":103}},"branchMap":{"0":{"loc":{"start":{"line":4,"column":8},"end":{"line":4,"column":61}},"type":"cond-expr","locations":[{"start":{"line":4,"column":44},"end":{"line":4,"column":53}},{"start":{"line":4,"column":56},"end":{"line":4,"column":61}}],"line":4},"1":{"loc":{"start":{"line":18,"column":11},"end":{"line":18,"column":68}},"type":"binary-expr","locations":[{"start":{"line":18,"column":11},"end":{"line":18,"column":61}},{"start":{"line":18,"column":65},"end":{"line":18,"column":68}}],"line":18},"2":{"loc":{"start":{"line":29,"column":4},"end":{"line":29,"column":52}},"type":"if","locations":[{"start":{"line":29,"column":4},"end":{"line":29,"column":52}},{"start":{},"end":{}}],"line":29},"3":{"loc":{"start":{"line":30,"column":4},"end":{"line":30,"column":47}},"type":"if","locations":[{"start":{"line":30,"column":4},"end":{"line":30,"column":47}},{"start":{},"end":{}}],"line":30},"4":{"loc":{"start":{"line":31,"column":4},"end":{"line":31,"column":47}},"type":"if","locations":[{"start":{"line":31,"column":4},"end":{"line":31,"column":47}},{"start":{},"end":{}}],"line":31},"5":{"loc":{"start":{"line":55,"column":4},"end":{"line":55,"column":52}},"type":"if","locations":[{"start":{"line":55,"column":4},"end":{"line":55,"column":52}},{"start":{},"end":{}}],"line":55},"6":{"loc":{"start":{"line":56,"column":4},"end":{"line":56,"column":47}},"type":"if","locations":[{"start":{"line":56,"column":4},"end":{"line":56,"column":47}},{"start":{},"end":{}}],"line":56},"7":{"loc":{"start":{"line":57,"column":4},"end":{"line":57,"column":47}},"type":"if","locations":[{"start":{"line":57,"column":4},"end":{"line":57,"column":47}},{"start":{},"end":{}}],"line":57},"8":{"loc":{"start":{"line":77,"column":8},"end":{"line":83,"column":9}},"type":"if","locations":[{"start":{"line":77,"column":8},"end":{"line":83,"column":9}},{"start":{"line":79,"column":15},"end":{"line":83,"column":9}}],"line":77},"9":{"loc":{"start":{"line":79,"column":15},"end":{"line":83,"column":9}},"type":"if","locations":[{"start":{"line":79,"column":15},"end":{"line":83,"column":9}},{"start":{"line":81,"column":15},"end":{"line":83,"column":9}}],"line":79},"10":{"loc":{"start":{"line":97,"column":18},"end":{"line":101,"column":70}},"type":"cond-expr","locations":[{"start":{"line":98,"column":10},"end":{"line":98,"column":62}},{"start":{"line":99,"column":10},"end":{"line":101,"column":70}}],"line":97},"11":{"loc":{"start":{"line":99,"column":10},"end":{"line":101,"column":70}},"type":"cond-expr","locations":[{"start":{"line":100,"column":14},"end":{"line":100,"column":66}},{"start":{"line":101,"column":14},"end":{"line":101,"column":70}}],"line":99},"12":{"loc":{"start":{"line":107,"column":8},"end":{"line":110,"column":9}},"type":"if","locations":[{"start":{"line":107,"column":8},"end":{"line":110,"column":9}},{"start":{},"end":{}}],"line":107},"13":{"loc":{"start":{"line":112,"column":8},"end":{"line":117,"column":9}},"type":"if","locations":[{"start":{"line":112,"column":8},"end":{"line":117,"column":9}},{"start":{"line":115,"column":15},"end":{"line":117,"column":9}}],"line":112},"14":{"loc":{"start":{"line":112,"column":12},"end":{"line":112,"column":63}},"type":"binary-expr","locations":[{"start":{"line":112,"column":12},"end":{"line":112,"column":31}},{"start":{"line":112,"column":35},"end":{"line":112,"column":63}}],"line":112},"15":{"loc":{"start":{"line":115,"column":15},"end":{"line":117,"column":9}},"type":"if","locations":[{"start":{"line":115,"column":15},"end":{"line":117,"column":9}},{"start":{},"end":{}}],"line":115},"16":{"loc":{"start":{"line":115,"column":19},"end":{"line":115,"column":70}},"type":"binary-expr","locations":[{"start":{"line":115,"column":19},"end":{"line":115,"column":38}},{"start":{"line":115,"column":42},"end":{"line":115,"column":70}}],"line":115},"17":{"loc":{"start":{"line":122,"column":20},"end":{"line":124,"column":12}},"type":"cond-expr","locations":[{"start":{"line":123,"column":10},"end":{"line":123,"column":145}},{"start":{"line":124,"column":10},"end":{"line":124,"column":12}}],"line":122}},"s":{"0":1,"1":4,"2":16,"3":1,"4":15,"5":15,"6":48,"7":1,"8":4,"9":4,"10":1,"11":3,"12":1,"13":2,"14":1,"15":1,"16":1,"17":4,"18":4,"19":1,"20":3,"21":1,"22":2,"23":1,"24":1,"25":1,"26":6,"27":1,"28":3,"29":1,"30":3,"31":3,"32":15,"33":7,"34":8,"35":7,"36":1,"37":3,"38":1,"39":20,"40":1,"41":4,"42":4,"43":4,"44":4,"45":16,"46":16,"47":16,"48":4,"49":4,"50":16,"51":1,"52":1,"53":15,"54":2,"55":16,"56":4,"57":4},"f":{"0":4,"1":16,"2":15,"3":48,"4":4,"5":4,"6":6,"7":3,"8":3,"9":15,"10":20,"11":4,"12":16},"b":{"0":[9,7],"1":[15,0],"2":[1,3],"3":[1,2],"4":[1,1],"5":[1,3],"6":[1,2],"7":[1,1],"8":[7,8],"9":[7,1],"10":[1,3],"11":[2,1],"12":[4,12],"13":[1,15],"14":[16,3],"15":[2,13],"16":[15,2],"17":[3,1]},"inputSourceMap":null,"_coverageSchema":"1a1c01bbd47fc00a2c39e90264f33305004495a9","hash":"bb92eae2c17d71d15c0bc87131e46a7385e68693"}
}
