TN:
SF:src\questions.js
FNF:0
FNH:0
DA:2,0
LF:1
LH:0
BRF:0
BRH:0
end_of_record
TN:
SF:src\quizState.js
FN:3,(anonymous_0)
FN:16,(anonymous_1)
FN:29,(anonymous_2)
FN:34,(anonymous_3)
FN:38,(anonymous_4)
FN:42,(anonymous_5)
FN:47,(anonymous_6)
FN:57,(anonymous_7)
FN:67,(anonymous_8)
FN:77,(anonymous_9)
FN:83,(anonymous_10)
FN:84,(anonymous_11)
FN:87,(anonymous_12)
FN:91,(anonymous_13)
FN:92,(anonymous_14)
FN:95,(anonymous_15)
FN:96,(anonymous_16)
FN:99,(anonymous_17)
FN:103,(anonymous_18)
FN:107,(anonymous_19)
FN:111,(anonymous_20)
FN:115,(anonymous_21)
FN:119,(anonymous_22)
FNF:23
FNH:9
FNDA:6,(anonymous_0)
FNDA:0,(anonymous_1)
FNDA:1,(anonymous_2)
FNDA:1,(anonymous_3)
FNDA:0,(anonymous_4)
FNDA:2,(anonymous_5)
FNDA:1,(anonymous_6)
FNDA:0,(anonymous_7)
FNDA:0,(anonymous_8)
FNDA:1,(anonymous_9)
FNDA:1,(anonymous_10)
FNDA:10,(anonymous_11)
FNDA:0,(anonymous_12)
FNDA:0,(anonymous_13)
FNDA:0,(anonymous_14)
FNDA:0,(anonymous_15)
FNDA:0,(anonymous_16)
FNDA:0,(anonymous_17)
FNDA:0,(anonymous_18)
FNDA:1,(anonymous_19)
FNDA:0,(anonymous_20)
FNDA:0,(anonymous_21)
FNDA:0,(anonymous_22)
DA:4,6
DA:5,6
DA:6,6
DA:7,6
DA:8,6
DA:9,6
DA:10,6
DA:11,6
DA:12,6
DA:13,6
DA:17,0
DA:18,0
DA:19,0
DA:20,0
DA:21,0
DA:22,0
DA:23,0
DA:24,0
DA:25,0
DA:26,0
DA:30,1
DA:31,1
DA:35,1
DA:39,0
DA:43,2
DA:44,2
DA:48,1
DA:49,1
DA:50,1
DA:51,1
DA:52,1
DA:54,0
DA:58,0
DA:59,0
DA:60,0
DA:61,0
DA:62,0
DA:64,0
DA:68,0
DA:69,0
DA:70,0
DA:71,0
DA:72,0
DA:74,0
DA:78,1
DA:79,1
DA:84,10
DA:88,0
DA:92,0
DA:96,0
DA:100,0
DA:104,0
DA:108,1
DA:112,0
DA:116,0
DA:120,0
LF:56
LH:24
BRDA:48,0,0,1
BRDA:48,0,1,0
BRDA:58,1,0,0
BRDA:58,1,1,0
BRDA:68,2,0,0
BRDA:68,2,1,0
BRDA:68,3,0,0
BRDA:68,3,1,0
BRDA:78,4,0,1
BRDA:78,4,1,0
BRF:10
BRH:2
end_of_record
TN:
SF:src\utils.js
FN:2,(anonymous_0)
FN:3,(anonymous_1)
FN:8,(anonymous_2)
FN:18,(anonymous_3)
FN:21,(anonymous_4)
FN:35,(anonymous_5)
FN:61,(anonymous_6)
FN:65,(anonymous_7)
FN:69,(anonymous_8)
FN:76,(anonymous_9)
FN:89,(anonymous_10)
FN:93,(anonymous_11)
FN:103,(anonymous_12)
FNF:13
FNH:13
FNDA:4,(anonymous_0)
FNDA:16,(anonymous_1)
FNDA:15,(anonymous_2)
FNDA:48,(anonymous_3)
FNDA:4,(anonymous_4)
FNDA:4,(anonymous_5)
FNDA:6,(anonymous_6)
FNDA:3,(anonymous_7)
FNDA:3,(anonymous_8)
FNDA:15,(anonymous_9)
FNDA:20,(anonymous_10)
FNDA:4,(anonymous_11)
FNDA:16,(anonymous_12)
DA:2,1
DA:3,4
DA:4,16
DA:8,1
DA:9,15
DA:18,48
DA:21,1
DA:22,4
DA:29,4
DA:30,3
DA:31,2
DA:32,1
DA:35,1
DA:36,4
DA:55,4
DA:56,3
DA:57,2
DA:58,1
DA:61,1
DA:62,6
DA:65,1
DA:66,3
DA:69,1
DA:70,3
DA:76,3
DA:77,15
DA:78,7
DA:79,8
DA:80,7
DA:82,1
DA:86,3
DA:89,1
DA:90,20
DA:93,1
DA:94,4
DA:95,4
DA:97,4
DA:103,4
DA:104,16
DA:105,16
DA:107,16
DA:108,4
DA:109,4
DA:112,16
DA:113,1
DA:114,1
DA:115,15
DA:116,2
DA:119,16
DA:122,4
DA:126,4
LF:51
LH:51
BRDA:4,0,0,9
BRDA:4,0,1,7
BRDA:18,1,0,15
BRDA:18,1,1,0
BRDA:29,2,0,1
BRDA:29,2,1,3
BRDA:30,3,0,1
BRDA:30,3,1,2
BRDA:31,4,0,1
BRDA:31,4,1,1
BRDA:55,5,0,1
BRDA:55,5,1,3
BRDA:56,6,0,1
BRDA:56,6,1,2
BRDA:57,7,0,1
BRDA:57,7,1,1
BRDA:77,8,0,7
BRDA:77,8,1,8
BRDA:79,9,0,7
BRDA:79,9,1,1
BRDA:97,10,0,1
BRDA:97,10,1,3
BRDA:99,11,0,2
BRDA:99,11,1,1
BRDA:107,12,0,4
BRDA:107,12,1,12
BRDA:112,13,0,1
BRDA:112,13,1,15
BRDA:112,14,0,16
BRDA:112,14,1,3
BRDA:115,15,0,2
BRDA:115,15,1,13
BRDA:115,16,0,15
BRDA:115,16,1,2
BRDA:122,17,0,3
BRDA:122,17,1,1
BRF:36
BRH:35
end_of_record
